<?xml version="1.0" encoding="UTF-8"?>
<!-- Generated by org.testng.reporters.JUnitXMLReporter -->
<testsuite hostname="Shivangi" name="FirefoxTest" tests="1" failures="1" timestamp="31 Jan 2017 20:45:46 GMT" time="0.189" errors="0">
  <testcase name="testParameterWithXML" time="0.114" classname="parallel.CrossBrowserTest">
    <failure type="java.lang.NullPointerException">
      <![CDATA[java.lang.NullPointerException
	at parallel.CrossBrowserTest.testParameterWithXML(CrossBrowserTest.java:86)
	at java.util.concurrent.FutureTask.run(Unknown Source)
	at java.util.concurrent.ThreadPoolExecutor.runWorker(Unknown Source)
	at java.util.concurrent.ThreadPoolExecutor$Worker.run(Unknown Source)
	at java.lang.Thread.run(Unknown Source)
... Removed 16 stack frames]]>
    </failure>
  </testcase> <!-- testParameterWithXML -->
</testsuite> <!-- FirefoxTest -->
